<?xml version="1.0" encoding="UTF-8"?>
<testsuite name="baritone.utils.pathing.PathingBlockTypeTest" tests="1" skipped="0" failures="0" errors="0" timestamp="2025-10-22T15:36:59" hostname="1.local" time="0.0">
  <properties/>
  <testcase name="testBits" classname="baritone.utils.pathing.PathingBlockTypeTest" time="0.0"/>
  <system-out><![CDATA[]]></system-out>
  <system-err><![CDATA[]]></system-err>
</testsuite>
