<?xml version="1.0" encoding="UTF-8"?>
<testsuite name="baritone.cache.CachedRegionTest" tests="1" skipped="0" failures="0" errors="0" timestamp="2025-10-22T15:36:59" hostname="1.local" time="0.007">
  <properties/>
  <testcase name="blockPosSaving" classname="baritone.cache.CachedRegionTest" time="0.007"/>
  <system-out><![CDATA[]]></system-out>
  <system-err><![CDATA[]]></system-err>
</testsuite>
